<?xml version="1.0" encoding="UTF-8"?>
<!-- Generated by org.testng.reporters.JUnitXMLReporter -->
<testsuite hostname="hp" name="Release 1.0" tests="8" failures="0" timestamp="13 Jul 2020 18:41:11 GMT" time="21.352" errors="0">
  <testcase name="@BeforeTest BeforeTestConfig" time="0.0" classname="TestNGCode.Phptravels">
    <failure type="org.openqa.selenium.SessionNotCreatedException" message="session not created
from disconnected: Unable to receive message from renderer
  (Session info: chrome=83.0.4103.116)
  (Driver info: chromedriver=83.0.4103.39 (ccbf011cb2d2b19b506d844400483861342c20cd-refs/branch-heads/4103@{#416}),platform=Windows NT 6.2.9200 x86_64) (WARNING: The server did not provide any stacktrace information)
Command duration or timeout: 19.62 seconds
Build info: version: &amp;apos;2.53.0&amp;apos;, revision: &amp;apos;35ae25b&amp;apos;, time: &amp;apos;2016-03-15 17:00:58&amp;apos;
System info: host: &amp;apos;hp&amp;apos;, ip: &amp;apos;192.168.1.152&amp;apos;, os.name: &amp;apos;Windows 8&amp;apos;, os.arch: &amp;apos;amd64&amp;apos;, os.version: &amp;apos;6.2&amp;apos;, java.version: &amp;apos;1.8.0_251&amp;apos;
Driver info: org.openqa.selenium.chrome.ChromeDriver">
      <![CDATA[org.openqa.selenium.SessionNotCreatedException: session not created
from disconnected: Unable to receive message from renderer
  (Session info: chrome=83.0.4103.116)
  (Driver info: chromedriver=83.0.4103.39 (ccbf011cb2d2b19b506d844400483861342c20cd-refs/branch-heads/4103@{#416}),platform=Windows NT 6.2.9200 x86_64) (WARNING: The server did not provide any stacktrace information)
Command duration or timeout: 19.62 seconds
Build info: version: '2.53.0', revision: '35ae25b', time: '2016-03-15 17:00:58'
System info: host: 'hp', ip: '192.168.1.152', os.name: 'Windows 8', os.arch: 'amd64', os.version: '6.2', java.version: '1.8.0_251'
Driver info: org.openqa.selenium.chrome.ChromeDriver
	at org.openqa.selenium.remote.ErrorHandler.createThrowable(ErrorHandler.java:206)
	at org.openqa.selenium.remote.ErrorHandler.throwIfResponseFailed(ErrorHandler.java:158)
	at org.openqa.selenium.remote.RemoteWebDriver.execute(RemoteWebDriver.java:678)
	at org.openqa.selenium.remote.RemoteWebDriver.startSession(RemoteWebDriver.java:249)
	at org.openqa.selenium.remote.RemoteWebDriver.<init>(RemoteWebDriver.java:131)
	at org.openqa.selenium.remote.RemoteWebDriver.<init>(RemoteWebDriver.java:144)
	at org.openqa.selenium.chrome.ChromeDriver.<init>(ChromeDriver.java:170)
	at org.openqa.selenium.chrome.ChromeDriver.<init>(ChromeDriver.java:159)
	at org.openqa.selenium.chrome.ChromeDriver.<init>(ChromeDriver.java:116)
	at TestNGCode.Phptravels.BeforeTestConfig(Phptravels.java:34)
... Removed 26 stack frames]]>
    </failure>
  </testcase> <!-- @BeforeTest BeforeTestConfig -->
  <testcase name="@BeforeTest beforeTest" time="0.0" classname="TestNGCode.Phptravels">
    <skipped/>
  </testcase> <!-- @BeforeTest beforeTest -->
  <testcase name="@AfterTest AfterTest" time="0.0" classname="TestNGCode.Phptravels">
    <skipped/>
  </testcase> <!-- @AfterTest AfterTest -->
  <testcase name="@AfterTest aftertest" time="0.0" classname="TestNGCode.Phptravels">
    <skipped/>
  </testcase> <!-- @AfterTest aftertest -->
  <testcase name="validateURl" time="0.002" classname="TestNGCode.YahooTestNG">
    <skipped/>
  </testcase> <!-- validateURl -->
  <testcase name="YahooSignUpTest" time="0.005" classname="TestNGCode.YahooTestNG">
    <skipped/>
  </testcase> <!-- YahooSignUpTest -->
  <testcase name="ValidateUrlTile" time="0.004" classname="TestNGCode.YahooTestNG">
    <skipped/>
  </testcase> <!-- ValidateUrlTile -->
  <testcase name="ValidateTitle" time="0.0" classname="TestNGCode.YahooTestNG">
    <skipped/>
  </testcase> <!-- ValidateTitle -->
  <testcase name="PhpSignupTest" time="0.007" classname="TestNGCode.Phptravels">
    <skipped/>
  </testcase> <!-- PhpSignupTest -->
  <testcase name="validateSignupButton" time="0.005" classname="TestNGCode.Phptravels">
    <skipped/>
  </testcase> <!-- validateSignupButton -->
  <testcase name="getUrl" time="0.003" classname="TestNGCode.Phptravels">
    <skipped/>
  </testcase> <!-- getUrl -->
  <testcase name="getDriver" time="0.004" classname="TestNGCode.Phptravels">
    <skipped/>
  </testcase> <!-- getDriver -->
</testsuite> <!-- Release 1.0 -->
